<?xml version="1.0" encoding="UTF-8"?>
<testsuite name="ScrabbleTest" tests="8" skipped="0" failures="0" errors="0" timestamp="2016-09-07T18:10:01" hostname="epicodus-10.local" time="0.002">
  <properties/>
  <testcase name="runScrabble_findValueOfSingleLetter_Integer" classname="ScrabbleTest" time="0.001"/>
  <testcase name="runScrabble_findCharacterWorth2Points_Integer" classname="ScrabbleTest" time="0.0"/>
  <testcase name="runScrabble_findCharacterWorth5Points_Integer" classname="ScrabbleTest" time="0.0"/>
  <testcase name="runScrabble_findCharacterWorth8Points_Integer" classname="ScrabbleTest" time="0.0"/>
  <testcase name="runScrabble_findCharacterWorth3Points_Integer" classname="ScrabbleTest" time="0.0"/>
  <testcase name="runScrabble_findCharacterWorth10Points_Integer" classname="ScrabbleTest" time="0.0"/>
  <testcase name="runScrabble_findCharacterWorth4Points_Integer" classname="ScrabbleTest" time="0.0"/>
  <testcase name="runScrabble_addUpPoints_Integer" classname="ScrabbleTest" time="0.0"/>
  <system-out><![CDATA[]]></system-out>
  <system-err><![CDATA[]]></system-err>
</testsuite>
